<?xml version="1.0" encoding="UTF-8"?>
<testng-results skipped="0" failed="0" total="1" passed="1">
  <reporter-output>
  </reporter-output>
  <suite name="Default suite" duration-ms="11704" started-at="2021-11-03T17:01:53Z" finished-at="2021-11-03T17:02:04Z">
    <groups>
    </groups>
    <test name="Default test" duration-ms="11704" started-at="2021-11-03T17:01:53Z" finished-at="2021-11-03T17:02:04Z">
      <class name="web.NewTest">
        <test-method status="PASS" signature="beforeTest()[pri:0, instance:web.NewTest@4678c730]" name="beforeTest" is-config="true" duration-ms="4288" started-at="2021-11-03T22:31:53Z" finished-at="2021-11-03T22:31:57Z">
          <reporter-output>
          </reporter-output>
        </test-method> <!-- beforeTest -->
        <test-method status="PASS" signature="testEasy()[pri:0, instance:web.NewTest@4678c730]" name="testEasy" duration-ms="6035" started-at="2021-11-03T22:31:57Z" finished-at="2021-11-03T22:32:03Z">
          <reporter-output>
          </reporter-output>
        </test-method> <!-- testEasy -->
        <test-method status="PASS" signature="afterTest()[pri:0, instance:web.NewTest@4678c730]" name="afterTest" is-config="true" duration-ms="1334" started-at="2021-11-03T22:32:03Z" finished-at="2021-11-03T22:32:04Z">
          <reporter-output>
          </reporter-output>
        </test-method> <!-- afterTest -->
      </class> <!-- web.NewTest -->
    </test> <!-- Default test -->
  </suite> <!-- Default suite -->
</testng-results>
