<?xml version="1.0" encoding="UTF-8"?>
<testng-results skipped="0" failed="0" total="1" passed="1">
  <reporter-output>
  </reporter-output>
  <suite name="web.NewTest" duration-ms="9541" started-at="2021-10-31T18:37:15Z" finished-at="2021-10-31T18:37:24Z">
    <groups>
    </groups>
    <test name="Command line test" duration-ms="9541" started-at="2021-10-31T18:37:15Z" finished-at="2021-10-31T18:37:24Z">
      <class name="web.NewTest">
        <test-method status="PASS" signature="beforeTest()[pri:0, instance:web.NewTest@380fb434]" name="beforeTest" is-config="true" duration-ms="3566" started-at="2021-11-01T00:07:15Z" finished-at="2021-11-01T00:07:18Z">
          <reporter-output>
          </reporter-output>
        </test-method> <!-- beforeTest -->
        <test-method status="PASS" signature="testEasy()[pri:0, instance:web.NewTest@380fb434]" name="testEasy" duration-ms="4760" started-at="2021-11-01T00:07:18Z" finished-at="2021-11-01T00:07:23Z">
          <reporter-output>
          </reporter-output>
        </test-method> <!-- testEasy -->
        <test-method status="PASS" signature="afterTest()[pri:0, instance:web.NewTest@380fb434]" name="afterTest" is-config="true" duration-ms="1205" started-at="2021-11-01T00:07:23Z" finished-at="2021-11-01T00:07:24Z">
          <reporter-output>
          </reporter-output>
        </test-method> <!-- afterTest -->
      </class> <!-- web.NewTest -->
    </test> <!-- Command line test -->
  </suite> <!-- web.NewTest -->
</testng-results>
