<?xml version="1.0" encoding="UTF-8" ?>
<testsuite tests="3" failures="1" name="TestSuite" time="767.294" errors="0" skipped="2">
  <properties>
[...]
</properties>
  <testcase classname="example.NewTest" name="beforeTest" time="767.293">
    <failure message="Failed to connect to binary FirefoxBinary(C:\Program Files\Mozilla Firefox\firefox.exe) on port 7055; process output follows: 
2157) |[1][GFX1-]: Fallback WR to SW-WR + D3D11 (t=17.3656) [GFX1-]: Fallback WR to SW-WR + D3D11
Crash Annotation GraphicsCriticalError: |[G0][GFX1-]: RcANGLE(no compositor window) (t=7.47705) |[G1][GFX1-]: [D3D11] create swap chain failed: 0x887a0022, 0 (t=9.03705) [GFX1-]: [D3D11] create swap chain failed: 0x887a0022, 0
Crash Annotation GraphicsCriticalError: |[G0][GFX1-]: RcANGLE(no compositor window) (t=7.47705) |[G1][GFX1-]: [D3D11] create swap chain failed: 0x887a0022, 0 (t=9.03705) |[G2][GFX1-]: Failed to initialize CompositorD3D11 for SWGL: FEATURE_FAILURE_D3D11_SWAP_CHAIN (t=9.03705) [GFX1-]: Failed to initialize CompositorD3D11 for SWGL: FEATURE_FAILURE_D3D11_SWAP_CHAIN
Crash Annotation GraphicsCriticalError: |[G0][GFX1-]: RcANGLE(no compositor window) (t=7.47705) |[G1][GFX1-]: [D3D11] create swap chain failed: 0x887a0022, 0 (t=9.03705) |[G2][GFX1-]: Failed to initialize CompositorD3D11 for SWGL: FEATURE_FAILURE_D3D11_SWAP_CHAIN (t=9.03705) |[G3][GFX1-]: [D3D11] create swap chain failed: 0x887a0022, 0 (t=12.4771) [GFX1-]: [D3D11] create swap chain failed: 0x887a0022, 0
Crash Annotation GraphicsCriticalError: |[G0][GFX1-]: RcANGLE(no compositor window) (t=7.47705) |[G1][GFX1-]: [D3D11] create swap chain failed: 0x887a0022, 0 (t=9.03705) |[G2][GFX1-]: Failed to initialize CompositorD3D11 for SWGL: FEATURE_FAILURE_D3D11_SWAP_CHAIN (t=9.03705) |[G3][GFX1-]: [D3D11] create swap chain failed: 0x887a0022, 0 (t=12.4771) |[G4][GFX1-]: Failed to initialize CompositorD3D11 for SWGL: FEATURE_FAILURE_D3D11_SWAP_CHAIN (t=12.4771) [GFX1-]: Failed to initialize CompositorD3D11 for SWGL: FEATURE_FAILURE_D3D11_SWAP_CHAIN
JavaScript error: resource://gre/modules/XULStore.jsm, line 66: Error: Can&apos;t find profile directory.
JavaScript error: resource:///modules/Interactions.jsm, line 201: NS_ERROR_FAILURE: Component returned failure code: 0x80004005 (NS_ERROR_FAILURE) [nsIUserIdleService.removeIdleObserver]
[Parent 2772, IPC I/O Parent] WARNING: file /builds/worker/checkouts/gecko/ipc/chromium/src/base/process_util_win.cc:167
Crash Annotation GraphicsCriticalError: |[G0][GFX1-]: RcANGLE(no compositor window) (t=4.89325) [GFX1-]: RcANGLE(no compositor window)
Crash Annotation GraphicsCriticalError: |[0][GFX1-]: Failed to connect WebRenderBridgeChild. (t=7.11649) [GFX1-]: Failed to connect WebRenderBridgeChild.
Crash Annotation GraphicsCriticalError: |[0][GFX1-]: Failed to connect WebRenderBridgeChild. (t=7.11649) |[1][GFX1-]: Fallback WR to SW-WR + D3D11 (t=7.11649) [GFX1-]: Fallback WR to SW-WR + D3D11
Crash Annotation GraphicsCriticalError: |[G0][GFX1-]: RcANGLE(no compositor window) (t=4.89325) |[G1][GFX1-]: [D3D11] create swap chain failed: 0x887a0022, 0 (t=5.83325) [GFX1-]: [D3D11] create swap chain failed: 0x887a0022, 0
Crash Annotation GraphicsCriticalError: |[G0][GFX1-]: RcANGLE(no compositor window) (t=4.89325) |[G1][GFX1-]: [D3D11] create swap chain failed: 0x887a0022, 0 (t=5.83325) |[G2][GFX1-]: Failed to initialize CompositorD3D11 for SWGL: FEATURE_FAILURE_D3D11_SWAP_CHAIN (t=5.83325) [GFX1-]: Failed to initialize CompositorD3D11 for SWGL: FEATURE_FAILURE_D3D11_SWAP_CHAIN
Crash Annotation GraphicsCriticalError: |[G0][GFX1-]: RcANGLE(no compositor window) (t=4.89325) |[G1][GFX1-]: [D3D11] create swap chain failed: 0x887a0022, 0 (t=5.83325) |[G2][GFX1-]: Failed to initialize CompositorD3D11 for SWGL: FEATURE_FAILURE_D3D11_SWAP_CHAIN (t=5.83325) |[G3][GFX1-]: [D3D11] create swap chain failed: 0x887a0022, 0 (t=13.6433) [GFX1-]: [D3D11] create swap chain failed: 0x887a0022, 0
Crash Annotation GraphicsCriticalError: |[G0][GFX1-]: RcANGLE(no compositor window) (t=4.89325) |[G1][GFX1-]: [D3D11] create swap chain failed: 0x887a0022, 0 (t=5.83325) |[G2][GFX1-]: Failed to initialize CompositorD3D11 for SWGL: FEATURE_FAILURE_D3D11_SWAP_CHAIN (t=5.83325) |[G3][GFX1-]: [D3D11] create swap chain failed: 0x887a0022, 0 (t=13.6433) |[G4][GFX1-]: Failed to initialize CompositorD3D11 for SWGL: FEATURE_FAILURE_D3D11_SWAP_CHAIN (t=13.6433) [GFX1-]: Failed to initialize CompositorD3D11 for SWGL: FEATURE_FAILURE_D3D11_SWAP_CHAIN

Build info: version: &apos;2.45.0&apos;, revision: &apos;5017cb8e7ca8e37638dc3091b2440b90a1d8686f&apos;, time: &apos;2015-02-27 09:10:26&apos;
System info: host: &apos;LAPTOP-HVNH2UIN&apos;, ip: &apos;192.168.43.105&apos;, os.name: &apos;Windows 10&apos;, os.arch: &apos;amd64&apos;, os.version: &apos;10.0&apos;, java.version: &apos;1.8.0_291&apos;
Driver info: driver.version: FirefoxDriver" type="org.openqa.selenium.WebDriverException">org.openqa.selenium.WebDriverException: Failed to connect to binary FirefoxBinary(C:\Program Files\Mozilla Firefox\firefox.exe) on port 7055; process output follows: 
2157) |[1][GFX1-]: Fallback WR to SW-WR + D3D11 (t=17.3656) [GFX1-]: Fallback WR to SW-WR + D3D11
Crash Annotation GraphicsCriticalError: |[G0][GFX1-]: RcANGLE(no compositor window) (t=7.47705) |[G1][GFX1-]: [D3D11] create swap chain failed: 0x887a0022, 0 (t=9.03705) [GFX1-]: [D3D11] create swap chain failed: 0x887a0022, 0
Crash Annotation GraphicsCriticalError: |[G0][GFX1-]: RcANGLE(no compositor window) (t=7.47705) |[G1][GFX1-]: [D3D11] create swap chain failed: 0x887a0022, 0 (t=9.03705) |[G2][GFX1-]: Failed to initialize CompositorD3D11 for SWGL: FEATURE_FAILURE_D3D11_SWAP_CHAIN (t=9.03705) [GFX1-]: Failed to initialize CompositorD3D11 for SWGL: FEATURE_FAILURE_D3D11_SWAP_CHAIN
Crash Annotation GraphicsCriticalError: |[G0][GFX1-]: RcANGLE(no compositor window) (t=7.47705) |[G1][GFX1-]: [D3D11] create swap chain failed: 0x887a0022, 0 (t=9.03705) |[G2][GFX1-]: Failed to initialize CompositorD3D11 for SWGL: FEATURE_FAILURE_D3D11_SWAP_CHAIN (t=9.03705) |[G3][GFX1-]: [D3D11] create swap chain failed: 0x887a0022, 0 (t=12.4771) [GFX1-]: [D3D11] create swap chain failed: 0x887a0022, 0
Crash Annotation GraphicsCriticalError: |[G0][GFX1-]: RcANGLE(no compositor window) (t=7.47705) |[G1][GFX1-]: [D3D11] create swap chain failed: 0x887a0022, 0 (t=9.03705) |[G2][GFX1-]: Failed to initialize CompositorD3D11 for SWGL: FEATURE_FAILURE_D3D11_SWAP_CHAIN (t=9.03705) |[G3][GFX1-]: [D3D11] create swap chain failed: 0x887a0022, 0 (t=12.4771) |[G4][GFX1-]: Failed to initialize CompositorD3D11 for SWGL: FEATURE_FAILURE_D3D11_SWAP_CHAIN (t=12.4771) [GFX1-]: Failed to initialize CompositorD3D11 for SWGL: FEATURE_FAILURE_D3D11_SWAP_CHAIN
JavaScript error: resource://gre/modules/XULStore.jsm, line 66: Error: Can&apos;t find profile directory.
JavaScript error: resource:///modules/Interactions.jsm, line 201: NS_ERROR_FAILURE: Component returned failure code: 0x80004005 (NS_ERROR_FAILURE) [nsIUserIdleService.removeIdleObserver]
[Parent 2772, IPC I/O Parent] WARNING: file /builds/worker/checkouts/gecko/ipc/chromium/src/base/process_util_win.cc:167
Crash Annotation GraphicsCriticalError: |[G0][GFX1-]: RcANGLE(no compositor window) (t=4.89325) [GFX1-]: RcANGLE(no compositor window)
Crash Annotation GraphicsCriticalError: |[0][GFX1-]: Failed to connect WebRenderBridgeChild. (t=7.11649) [GFX1-]: Failed to connect WebRenderBridgeChild.
Crash Annotation GraphicsCriticalError: |[0][GFX1-]: Failed to connect WebRenderBridgeChild. (t=7.11649) |[1][GFX1-]: Fallback WR to SW-WR + D3D11 (t=7.11649) [GFX1-]: Fallback WR to SW-WR + D3D11
Crash Annotation GraphicsCriticalError: |[G0][GFX1-]: RcANGLE(no compositor window) (t=4.89325) |[G1][GFX1-]: [D3D11] create swap chain failed: 0x887a0022, 0 (t=5.83325) [GFX1-]: [D3D11] create swap chain failed: 0x887a0022, 0
Crash Annotation GraphicsCriticalError: |[G0][GFX1-]: RcANGLE(no compositor window) (t=4.89325) |[G1][GFX1-]: [D3D11] create swap chain failed: 0x887a0022, 0 (t=5.83325) |[G2][GFX1-]: Failed to initialize CompositorD3D11 for SWGL: FEATURE_FAILURE_D3D11_SWAP_CHAIN (t=5.83325) [GFX1-]: Failed to initialize CompositorD3D11 for SWGL: FEATURE_FAILURE_D3D11_SWAP_CHAIN
Crash Annotation GraphicsCriticalError: |[G0][GFX1-]: RcANGLE(no compositor window) (t=4.89325) |[G1][GFX1-]: [D3D11] create swap chain failed: 0x887a0022, 0 (t=5.83325) |[G2][GFX1-]: Failed to initialize CompositorD3D11 for SWGL: FEATURE_FAILURE_D3D11_SWAP_CHAIN (t=5.83325) |[G3][GFX1-]: [D3D11] create swap chain failed: 0x887a0022, 0 (t=13.6433) [GFX1-]: [D3D11] create swap chain failed: 0x887a0022, 0
Crash Annotation GraphicsCriticalError: |[G0][GFX1-]: RcANGLE(no compositor window) (t=4.89325) |[G1][GFX1-]: [D3D11] create swap chain failed: 0x887a0022, 0 (t=5.83325) |[G2][GFX1-]: Failed to initialize CompositorD3D11 for SWGL: FEATURE_FAILURE_D3D11_SWAP_CHAIN (t=5.83325) |[G3][GFX1-]: [D3D11] create swap chain failed: 0x887a0022, 0 (t=13.6433) |[G4][GFX1-]: Failed to initialize CompositorD3D11 for SWGL: FEATURE_FAILURE_D3D11_SWAP_CHAIN (t=13.6433) [GFX1-]: Failed to initialize CompositorD3D11 for SWGL: FEATURE_FAILURE_D3D11_SWAP_CHAIN
Build info: version: &apos;2.45.0&apos;, revision: &apos;5017cb8e7ca8e37638dc3091b2440b90a1d8686f&apos;, time: &apos;2015-02-27 09:10:26&apos;
System info: host: &apos;LAPTOP-HVNH2UIN&apos;, ip: &apos;192.168.43.105&apos;, os.name: &apos;Windows 10&apos;, os.arch: &apos;amd64&apos;, os.version: &apos;10.0&apos;, java.version: &apos;1.8.0_291&apos;
Driver info: driver.version: FirefoxDriver
	at org.openqa.selenium.firefox.internal.NewProfileExtensionConnection.start(NewProfileExtensionConnection.java:130)
	at org.openqa.selenium.firefox.FirefoxDriver.startClient(FirefoxDriver.java:246)
	at org.openqa.selenium.remote.RemoteWebDriver.&lt;init&gt;(RemoteWebDriver.java:114)
	at org.openqa.selenium.firefox.FirefoxDriver.&lt;init&gt;(FirefoxDriver.java:191)
	at org.openqa.selenium.firefox.FirefoxDriver.&lt;init&gt;(FirefoxDriver.java:186)
	at org.openqa.selenium.firefox.FirefoxDriver.&lt;init&gt;(FirefoxDriver.java:182)
	at org.openqa.selenium.firefox.FirefoxDriver.&lt;init&gt;(FirefoxDriver.java:95)
	at example.NewTest.beforeTest(NewTest.java:18)
Caused by: org.openqa.selenium.firefox.NotConnectedException: Unable to connect to host 127.0.0.1 on port 7055 after 45000 ms. Firefox console output:
2157) |[1][GFX1-]: Fallback WR to SW-WR + D3D11 (t=17.3656) [GFX1-]: Fallback WR to SW-WR + D3D11
Crash Annotation GraphicsCriticalError: |[G0][GFX1-]: RcANGLE(no compositor window) (t=7.47705) |[G1][GFX1-]: [D3D11] create swap chain failed: 0x887a0022, 0 (t=9.03705) [GFX1-]: [D3D11] create swap chain failed: 0x887a0022, 0
Crash Annotation GraphicsCriticalError: |[G0][GFX1-]: RcANGLE(no compositor window) (t=7.47705) |[G1][GFX1-]: [D3D11] create swap chain failed: 0x887a0022, 0 (t=9.03705) |[G2][GFX1-]: Failed to initialize CompositorD3D11 for SWGL: FEATURE_FAILURE_D3D11_SWAP_CHAIN (t=9.03705) [GFX1-]: Failed to initialize CompositorD3D11 for SWGL: FEATURE_FAILURE_D3D11_SWAP_CHAIN
Crash Annotation GraphicsCriticalError: |[G0][GFX1-]: RcANGLE(no compositor window) (t=7.47705) |[G1][GFX1-]: [D3D11] create swap chain failed: 0x887a0022, 0 (t=9.03705) |[G2][GFX1-]: Failed to initialize CompositorD3D11 for SWGL: FEATURE_FAILURE_D3D11_SWAP_CHAIN (t=9.03705) |[G3][GFX1-]: [D3D11] create swap chain failed: 0x887a0022, 0 (t=12.4771) [GFX1-]: [D3D11] create swap chain failed: 0x887a0022, 0
Crash Annotation GraphicsCriticalError: |[G0][GFX1-]: RcANGLE(no compositor window) (t=7.47705) |[G1][GFX1-]: [D3D11] create swap chain failed: 0x887a0022, 0 (t=9.03705) |[G2][GFX1-]: Failed to initialize CompositorD3D11 for SWGL: FEATURE_FAILURE_D3D11_SWAP_CHAIN (t=9.03705) |[G3][GFX1-]: [D3D11] create swap chain failed: 0x887a0022, 0 (t=12.4771) |[G4][GFX1-]: Failed to initialize CompositorD3D11 for SWGL: FEATURE_FAILURE_D3D11_SWAP_CHAIN (t=12.4771) [GFX1-]: Failed to initialize CompositorD3D11 for SWGL: FEATURE_FAILURE_D3D11_SWAP_CHAIN
JavaScript error: resource://gre/modules/XULStore.jsm, line 66: Error: Can&apos;t find profile directory.
JavaScript error: resource:///modules/Interactions.jsm, line 201: NS_ERROR_FAILURE: Component returned failure code: 0x80004005 (NS_ERROR_FAILURE) [nsIUserIdleService.removeIdleObserver]
[Parent 2772, IPC I/O Parent] WARNING: file /builds/worker/checkouts/gecko/ipc/chromium/src/base/process_util_win.cc:167
Crash Annotation GraphicsCriticalError: |[G0][GFX1-]: RcANGLE(no compositor window) (t=4.89325) [GFX1-]: RcANGLE(no compositor window)
Crash Annotation GraphicsCriticalError: |[0][GFX1-]: Failed to connect WebRenderBridgeChild. (t=7.11649) [GFX1-]: Failed to connect WebRenderBridgeChild.
Crash Annotation GraphicsCriticalError: |[0][GFX1-]: Failed to connect WebRenderBridgeChild. (t=7.11649) |[1][GFX1-]: Fallback WR to SW-WR + D3D11 (t=7.11649) [GFX1-]: Fallback WR to SW-WR + D3D11
Crash Annotation GraphicsCriticalError: |[G0][GFX1-]: RcANGLE(no compositor window) (t=4.89325) |[G1][GFX1-]: [D3D11] create swap chain failed: 0x887a0022, 0 (t=5.83325) [GFX1-]: [D3D11] create swap chain failed: 0x887a0022, 0
Crash Annotation GraphicsCriticalError: |[G0][GFX1-]: RcANGLE(no compositor window) (t=4.89325) |[G1][GFX1-]: [D3D11] create swap chain failed: 0x887a0022, 0 (t=5.83325) |[G2][GFX1-]: Failed to initialize CompositorD3D11 for SWGL: FEATURE_FAILURE_D3D11_SWAP_CHAIN (t=5.83325) [GFX1-]: Failed to initialize CompositorD3D11 for SWGL: FEATURE_FAILURE_D3D11_SWAP_CHAIN
Crash Annotation GraphicsCriticalError: |[G0][GFX1-]: RcANGLE(no compositor window) (t=4.89325) |[G1][GFX1-]: [D3D11] create swap chain failed: 0x887a0022, 0 (t=5.83325) |[G2][GFX1-]: Failed to initialize CompositorD3D11 for SWGL: FEATURE_FAILURE_D3D11_SWAP_CHAIN (t=5.83325) |[G3][GFX1-]: [D3D11] create swap chain failed: 0x887a0022, 0 (t=13.6433) [GFX1-]: [D3D11] create swap chain failed: 0x887a0022, 0
Crash Annotation GraphicsCriticalError: |[G0][GFX1-]: RcANGLE(no compositor window) (t=4.89325) |[G1][GFX1-]: [D3D11] create swap chain failed: 0x887a0022, 0 (t=5.83325) |[G2][GFX1-]: Failed to initialize CompositorD3D11 for SWGL: FEATURE_FAILURE_D3D11_SWAP_CHAIN (t=5.83325) |[G3][GFX1-]: [D3D11] create swap chain failed: 0x887a0022, 0 (t=13.6433) |[G4][GFX1-]: Failed to initialize CompositorD3D11 for SWGL: FEATURE_FAILURE_D3D11_SWAP_CHAIN (t=13.6433) [GFX1-]: Failed to initialize CompositorD3D11 for SWGL: FEATURE_FAILURE_D3D11_SWAP_CHAIN

	at org.openqa.selenium.firefox.internal.NewProfileExtensionConnection.start(NewProfileExtensionConnection.java:118)
	... 38 more
</failure>
    <system-err>org.openqa.selenium.firefox.NotConnectedException: Unable to connect to host 127.0.0.1 on port 7055 after 45000 ms. Firefox console output:
2157) |[1][GFX1-]: Fallback WR to SW-WR + D3D11 (t=17.3656) [GFX1-]: Fallback WR to SW-WR + D3D11
Crash Annotation GraphicsCriticalError: |[G0][GFX1-]: RcANGLE(no compositor window) (t=7.47705) |[G1][GFX1-]: [D3D11] create swap chain failed: 0x887a0022, 0 (t=9.03705) [GFX1-]: [D3D11] create swap chain failed: 0x887a0022, 0
Crash Annotation GraphicsCriticalError: |[G0][GFX1-]: RcANGLE(no compositor window) (t=7.47705) |[G1][GFX1-]: [D3D11] create swap chain failed: 0x887a0022, 0 (t=9.03705) |[G2][GFX1-]: Failed to initialize CompositorD3D11 for SWGL: FEATURE_FAILURE_D3D11_SWAP_CHAIN (t=9.03705) [GFX1-]: Failed to initialize CompositorD3D11 for SWGL: FEATURE_FAILURE_D3D11_SWAP_CHAIN
Crash Annotation GraphicsCriticalError: |[G0][GFX1-]: RcANGLE(no compositor window) (t=7.47705) |[G1][GFX1-]: [D3D11] create swap chain failed: 0x887a0022, 0 (t=9.03705) |[G2][GFX1-]: Failed to initialize CompositorD3D11 for SWGL: FEATURE_FAILURE_D3D11_SWAP_CHAIN (t=9.03705) |[G3][GFX1-]: [D3D11] create swap chain failed: 0x887a0022, 0 (t=12.4771) [GFX1-]: [D3D11] create swap chain failed: 0x887a0022, 0
Crash Annotation GraphicsCriticalError: |[G0][GFX1-]: RcANGLE(no compositor window) (t=7.47705) |[G1][GFX1-]: [D3D11] create swap chain failed: 0x887a0022, 0 (t=9.03705) |[G2][GFX1-]: Failed to initialize CompositorD3D11 for SWGL: FEATURE_FAILURE_D3D11_SWAP_CHAIN (t=9.03705) |[G3][GFX1-]: [D3D11] create swap chain failed: 0x887a0022, 0 (t=12.4771) |[G4][GFX1-]: Failed to initialize CompositorD3D11 for SWGL: FEATURE_FAILURE_D3D11_SWAP_CHAIN (t=12.4771) [GFX1-]: Failed to initialize CompositorD3D11 for SWGL: FEATURE_FAILURE_D3D11_SWAP_CHAIN
JavaScript error: resource://gre/modules/XULStore.jsm, line 66: Error: Can&apos;t find profile directory.
JavaScript error: resource:///modules/Interactions.jsm, line 201: NS_ERROR_FAILURE: Component returned failure code: 0x80004005 (NS_ERROR_FAILURE) [nsIUserIdleService.removeIdleObserver]
[Parent 2772, IPC I/O Parent] WARNING: file /builds/worker/checkouts/gecko/ipc/chromium/src/base/process_util_win.cc:167
Crash Annotation GraphicsCriticalError: |[G0][GFX1-]: RcANGLE(no compositor window) (t=4.89325) [GFX1-]: RcANGLE(no compositor window)
Crash Annotation GraphicsCriticalError: |[0][GFX1-]: Failed to connect WebRenderBridgeChild. (t=7.11649) [GFX1-]: Failed to connect WebRenderBridgeChild.
Crash Annotation GraphicsCriticalError: |[0][GFX1-]: Failed to connect WebRenderBridgeChild. (t=7.11649) |[1][GFX1-]: Fallback WR to SW-WR + D3D11 (t=7.11649) [GFX1-]: Fallback WR to SW-WR + D3D11
Crash Annotation GraphicsCriticalError: |[G0][GFX1-]: RcANGLE(no compositor window) (t=4.89325) |[G1][GFX1-]: [D3D11] create swap chain failed: 0x887a0022, 0 (t=5.83325) [GFX1-]: [D3D11] create swap chain failed: 0x887a0022, 0
Crash Annotation GraphicsCriticalError: |[G0][GFX1-]: RcANGLE(no compositor window) (t=4.89325) |[G1][GFX1-]: [D3D11] create swap chain failed: 0x887a0022, 0 (t=5.83325) |[G2][GFX1-]: Failed to initialize CompositorD3D11 for SWGL: FEATURE_FAILURE_D3D11_SWAP_CHAIN (t=5.83325) [GFX1-]: Failed to initialize CompositorD3D11 for SWGL: FEATURE_FAILURE_D3D11_SWAP_CHAIN
Crash Annotation GraphicsCriticalError: |[G0][GFX1-]: RcANGLE(no compositor window) (t=4.89325) |[G1][GFX1-]: [D3D11] create swap chain failed: 0x887a0022, 0 (t=5.83325) |[G2][GFX1-]: Failed to initialize CompositorD3D11 for SWGL: FEATURE_FAILURE_D3D11_SWAP_CHAIN (t=5.83325) |[G3][GFX1-]: [D3D11] create swap chain failed: 0x887a0022, 0 (t=13.6433) [GFX1-]: [D3D11] create swap chain failed: 0x887a0022, 0
Crash Annotation GraphicsCriticalError: |[G0][GFX1-]: RcANGLE(no compositor window) (t=4.89325) |[G1][GFX1-]: [D3D11] create swap chain failed: 0x887a0022, 0 (t=5.83325) |[G2][GFX1-]: Failed to initialize CompositorD3D11 for SWGL: FEATURE_FAILURE_D3D11_SWAP_CHAIN (t=5.83325) |[G3][GFX1-]: [D3D11] create swap chain failed: 0x887a0022, 0 (t=13.6433) |[G4][GFX1-]: Failed to initialize CompositorD3D11 for SWGL: FEATURE_FAILURE_D3D11_SWAP_CHAIN (t=13.6433) [GFX1-]: Failed to initialize CompositorD3D11 for SWGL: FEATURE_FAILURE_D3D11_SWAP_CHAIN

	at org.openqa.selenium.firefox.internal.NewProfileExtensionConnection.start(NewProfileExtensionConnection.java:118)
	at org.openqa.selenium.firefox.FirefoxDriver.startClient(FirefoxDriver.java:246)
	at org.openqa.selenium.remote.RemoteWebDriver.&lt;init&gt;(RemoteWebDriver.java:114)
	at org.openqa.selenium.firefox.FirefoxDriver.&lt;init&gt;(FirefoxDriver.java:191)
	at org.openqa.selenium.firefox.FirefoxDriver.&lt;init&gt;(FirefoxDriver.java:186)
	at org.openqa.selenium.firefox.FirefoxDriver.&lt;init&gt;(FirefoxDriver.java:182)
	at org.openqa.selenium.firefox.FirefoxDriver.&lt;init&gt;(FirefoxDriver.java:95)
	at example.NewTest.beforeTest(NewTest.java:18)
	at sun.reflect.NativeMethodAccessorImpl.invoke0(Native Method)
	at sun.reflect.NativeMethodAccessorImpl.invoke(NativeMethodAccessorImpl.java:62)
	at sun.reflect.DelegatingMethodAccessorImpl.invoke(DelegatingMethodAccessorImpl.java:43)
	at java.lang.reflect.Method.invoke(Method.java:498)
	at org.testng.internal.MethodInvocationHelper.invokeMethod(MethodInvocationHelper.java:84)
	at org.testng.internal.Invoker.invokeConfigurationMethod(Invoker.java:564)
	at org.testng.internal.Invoker.invokeConfigurations(Invoker.java:213)
	at org.testng.internal.Invoker.invokeConfigurations(Invoker.java:138)
	at org.testng.TestRunner.beforeRun(TestRunner.java:641)
	at org.testng.TestRunner.run(TestRunner.java:609)
	at org.testng.SuiteRunner.runTest(SuiteRunner.java:348)
	at org.testng.SuiteRunner.runSequentially(SuiteRunner.java:343)
	at org.testng.SuiteRunner.privateRun(SuiteRunner.java:305)
	at org.testng.SuiteRunner.run(SuiteRunner.java:254)
	at org.testng.SuiteRunnerWorker.runSuite(SuiteRunnerWorker.java:52)
	at org.testng.SuiteRunnerWorker.run(SuiteRunnerWorker.java:86)
	at org.testng.TestNG.runSuitesSequentially(TestNG.java:1224)
	at org.testng.TestNG.runSuitesLocally(TestNG.java:1149)
	at org.testng.TestNG.run(TestNG.java:1057)
	at org.apache.maven.surefire.testng.TestNGExecutor.run(TestNGExecutor.java:177)
	at org.apache.maven.surefire.testng.TestNGXmlTestSuite.execute(TestNGXmlTestSuite.java:92)
	at org.apache.maven.surefire.testng.TestNGProvider.invoke(TestNGProvider.java:105)
	at sun.reflect.NativeMethodAccessorImpl.invoke0(Native Method)
	at sun.reflect.NativeMethodAccessorImpl.invoke(NativeMethodAccessorImpl.java:62)
	at sun.reflect.DelegatingMethodAccessorImpl.invoke(DelegatingMethodAccessorImpl.java:43)
	at java.lang.reflect.Method.invoke(Method.java:498)
	at org.apache.maven.surefire.util.ReflectionUtils.invokeMethodWithArray(ReflectionUtils.java:189)
	at org.apache.maven.surefire.booter.ProviderFactory$ProviderProxy.invoke(ProviderFactory.java:165)
	at org.apache.maven.surefire.booter.ProviderFactory.invokeProvider(ProviderFactory.java:85)
	at org.apache.maven.surefire.booter.ForkedBooter.runSuitesInProcess(ForkedBooter.java:103)
	at org.apache.maven.surefire.booter.ForkedBooter.main(ForkedBooter.java:74)
Oct 31, 2021 11:36:29 PM org.openqa.selenium.os.UnixProcess$SeleniumWatchDog destroyHarder
INFO: Command failed to close cleanly. Destroying forcefully (v2). org.openqa.selenium.os.UnixProcess$SeleniumWatchDog@5167f57d
</system-err>
  </testcase>
  <testcase classname="example.NewTest" name="testEasy" time="0">
    <skipped/>
  </testcase>
  <testcase classname="example.NewTest" name="afterTest" time="0.001">
    <skipped/>
  </testcase>
</testsuite>