<?xml version="1.0" encoding="UTF-8"?>
<!-- Generated by org.testng.reporters.JUnitXMLReporter -->
<testsuite hostname="LAPTOP-HVNH2UIN" name="Test" tests="1" failures="0" timestamp="31 Oct 2021 18:18:16 GMT" time="764.22" errors="0">
  <testcase name="@BeforeTest beforeTest" time="0.0" classname="example.NewTest">
    <failure type="org.openqa.selenium.WebDriverException" message="Failed to connect to binary FirefoxBinary(C:\Program Files\Mozilla Firefox\firefox.exe) on port 7055; process output follows: 
2157) |[1][GFX1-]: Fallback WR to SW-WR + D3D11 (t=17.3656) [GFX1-]: Fallback WR to SW-WR + D3D11
Crash Annotation GraphicsCriticalError: |[G0][GFX1-]: RcANGLE(no compositor window) (t=7.47705) |[G1][GFX1-]: [D3D11] create swap chain failed: 0x887a0022, 0 (t=9.03705) [GFX1-]: [D3D11] create swap chain failed: 0x887a0022, 0
Crash Annotation GraphicsCriticalError: |[G0][GFX1-]: RcANGLE(no compositor window) (t=7.47705) |[G1][GFX1-]: [D3D11] create swap chain failed: 0x887a0022, 0 (t=9.03705) |[G2][GFX1-]: Failed to initialize CompositorD3D11 for SWGL: FEATURE_FAILURE_D3D11_SWAP_CHAIN (t=9.03705) [GFX1-]: Failed to initialize CompositorD3D11 for SWGL: FEATURE_FAILURE_D3D11_SWAP_CHAIN
Crash Annotation GraphicsCriticalError: |[G0][GFX1-]: RcANGLE(no compositor window) (t=7.47705) |[G1][GFX1-]: [D3D11] create swap chain failed: 0x887a0022, 0 (t=9.03705) |[G2][GFX1-]: Failed to initialize CompositorD3D11 for SWGL: FEATURE_FAILURE_D3D11_SWAP_CHAIN (t=9.03705) |[G3][GFX1-]: [D3D11] create swap chain failed: 0x887a0022, 0 (t=12.4771) [GFX1-]: [D3D11] create swap chain failed: 0x887a0022, 0
Crash Annotation GraphicsCriticalError: |[G0][GFX1-]: RcANGLE(no compositor window) (t=7.47705) |[G1][GFX1-]: [D3D11] create swap chain failed: 0x887a0022, 0 (t=9.03705) |[G2][GFX1-]: Failed to initialize CompositorD3D11 for SWGL: FEATURE_FAILURE_D3D11_SWAP_CHAIN (t=9.03705) |[G3][GFX1-]: [D3D11] create swap chain failed: 0x887a0022, 0 (t=12.4771) |[G4][GFX1-]: Failed to initialize CompositorD3D11 for SWGL: FEATURE_FAILURE_D3D11_SWAP_CHAIN (t=12.4771) [GFX1-]: Failed to initialize CompositorD3D11 for SWGL: FEATURE_FAILURE_D3D11_SWAP_CHAIN
JavaScript error: resource://gre/modules/XULStore.jsm, line 66: Error: Can&amp;apos;t find profile directory.
JavaScript error: resource:///modules/Interactions.jsm, line 201: NS_ERROR_FAILURE: Component returned failure code: 0x80004005 (NS_ERROR_FAILURE) [nsIUserIdleService.removeIdleObserver]
[Parent 2772, IPC I/O Parent] WARNING: file /builds/worker/checkouts/gecko/ipc/chromium/src/base/process_util_win.cc:167
Crash Annotation GraphicsCriticalError: |[G0][GFX1-]: RcANGLE(no compositor window) (t=4.89325) [GFX1-]: RcANGLE(no compositor window)
Crash Annotation GraphicsCriticalError: |[0][GFX1-]: Failed to connect WebRenderBridgeChild. (t=7.11649) [GFX1-]: Failed to connect WebRenderBridgeChild.
Crash Annotation GraphicsCriticalError: |[0][GFX1-]: Failed to connect WebRenderBridgeChild. (t=7.11649) |[1][GFX1-]: Fallback WR to SW-WR + D3D11 (t=7.11649) [GFX1-]: Fallback WR to SW-WR + D3D11
Crash Annotation GraphicsCriticalError: |[G0][GFX1-]: RcANGLE(no compositor window) (t=4.89325) |[G1][GFX1-]: [D3D11] create swap chain failed: 0x887a0022, 0 (t=5.83325) [GFX1-]: [D3D11] create swap chain failed: 0x887a0022, 0
Crash Annotation GraphicsCriticalError: |[G0][GFX1-]: RcANGLE(no compositor window) (t=4.89325) |[G1][GFX1-]: [D3D11] create swap chain failed: 0x887a0022, 0 (t=5.83325) |[G2][GFX1-]: Failed to initialize CompositorD3D11 for SWGL: FEATURE_FAILURE_D3D11_SWAP_CHAIN (t=5.83325) [GFX1-]: Failed to initialize CompositorD3D11 for SWGL: FEATURE_FAILURE_D3D11_SWAP_CHAIN
Crash Annotation GraphicsCriticalError: |[G0][GFX1-]: RcANGLE(no compositor window) (t=4.89325) |[G1][GFX1-]: [D3D11] create swap chain failed: 0x887a0022, 0 (t=5.83325) |[G2][GFX1-]: Failed to initialize CompositorD3D11 for SWGL: FEATURE_FAILURE_D3D11_SWAP_CHAIN (t=5.83325) |[G3][GFX1-]: [D3D11] create swap chain failed: 0x887a0022, 0 (t=13.6433) [GFX1-]: [D3D11] create swap chain failed: 0x887a0022, 0
Crash Annotation GraphicsCriticalError: |[G0][GFX1-]: RcANGLE(no compositor window) (t=4.89325) |[G1][GFX1-]: [D3D11] create swap chain failed: 0x887a0022, 0 (t=5.83325) |[G2][GFX1-]: Failed to initialize CompositorD3D11 for SWGL: FEATURE_FAILURE_D3D11_SWAP_CHAIN (t=5.83325) |[G3][GFX1-]: [D3D11] create swap chain failed: 0x887a0022, 0 (t=13.6433) |[G4][GFX1-]: Failed to initialize CompositorD3D11 for SWGL: FEATURE_FAILURE_D3D11_SWAP_CHAIN (t=13.6433) [GFX1-]: Failed to initialize CompositorD3D11 for SWGL: FEATURE_FAILURE_D3D11_SWAP_CHAIN

Build info: version: &amp;apos;2.45.0&amp;apos;, revision: &amp;apos;5017cb8e7ca8e37638dc3091b2440b90a1d8686f&amp;apos;, time: &amp;apos;2015-02-27 09:10:26&amp;apos;
System info: host: &amp;apos;LAPTOP-HVNH2UIN&amp;apos;, ip: &amp;apos;192.168.43.105&amp;apos;, os.name: &amp;apos;Windows 10&amp;apos;, os.arch: &amp;apos;amd64&amp;apos;, os.version: &amp;apos;10.0&amp;apos;, java.version: &amp;apos;1.8.0_291&amp;apos;
Driver info: driver.version: FirefoxDriver">
      <![CDATA[org.openqa.selenium.WebDriverException: Failed to connect to binary FirefoxBinary(C:\Program Files\Mozilla Firefox\firefox.exe) on port 7055; process output follows: 
2157) |[1][GFX1-]: Fallback WR to SW-WR + D3D11 (t=17.3656) [GFX1-]: Fallback WR to SW-WR + D3D11
Crash Annotation GraphicsCriticalError: |[G0][GFX1-]: RcANGLE(no compositor window) (t=7.47705) |[G1][GFX1-]: [D3D11] create swap chain failed: 0x887a0022, 0 (t=9.03705) [GFX1-]: [D3D11] create swap chain failed: 0x887a0022, 0
Crash Annotation GraphicsCriticalError: |[G0][GFX1-]: RcANGLE(no compositor window) (t=7.47705) |[G1][GFX1-]: [D3D11] create swap chain failed: 0x887a0022, 0 (t=9.03705) |[G2][GFX1-]: Failed to initialize CompositorD3D11 for SWGL: FEATURE_FAILURE_D3D11_SWAP_CHAIN (t=9.03705) [GFX1-]: Failed to initialize CompositorD3D11 for SWGL: FEATURE_FAILURE_D3D11_SWAP_CHAIN
Crash Annotation GraphicsCriticalError: |[G0][GFX1-]: RcANGLE(no compositor window) (t=7.47705) |[G1][GFX1-]: [D3D11] create swap chain failed: 0x887a0022, 0 (t=9.03705) |[G2][GFX1-]: Failed to initialize CompositorD3D11 for SWGL: FEATURE_FAILURE_D3D11_SWAP_CHAIN (t=9.03705) |[G3][GFX1-]: [D3D11] create swap chain failed: 0x887a0022, 0 (t=12.4771) [GFX1-]: [D3D11] create swap chain failed: 0x887a0022, 0
Crash Annotation GraphicsCriticalError: |[G0][GFX1-]: RcANGLE(no compositor window) (t=7.47705) |[G1][GFX1-]: [D3D11] create swap chain failed: 0x887a0022, 0 (t=9.03705) |[G2][GFX1-]: Failed to initialize CompositorD3D11 for SWGL: FEATURE_FAILURE_D3D11_SWAP_CHAIN (t=9.03705) |[G3][GFX1-]: [D3D11] create swap chain failed: 0x887a0022, 0 (t=12.4771) |[G4][GFX1-]: Failed to initialize CompositorD3D11 for SWGL: FEATURE_FAILURE_D3D11_SWAP_CHAIN (t=12.4771) [GFX1-]: Failed to initialize CompositorD3D11 for SWGL: FEATURE_FAILURE_D3D11_SWAP_CHAIN
JavaScript error: resource://gre/modules/XULStore.jsm, line 66: Error: Can't find profile directory.
JavaScript error: resource:///modules/Interactions.jsm, line 201: NS_ERROR_FAILURE: Component returned failure code: 0x80004005 (NS_ERROR_FAILURE) [nsIUserIdleService.removeIdleObserver]
[Parent 2772, IPC I/O Parent] WARNING: file /builds/worker/checkouts/gecko/ipc/chromium/src/base/process_util_win.cc:167
Crash Annotation GraphicsCriticalError: |[G0][GFX1-]: RcANGLE(no compositor window) (t=4.89325) [GFX1-]: RcANGLE(no compositor window)
Crash Annotation GraphicsCriticalError: |[0][GFX1-]: Failed to connect WebRenderBridgeChild. (t=7.11649) [GFX1-]: Failed to connect WebRenderBridgeChild.
Crash Annotation GraphicsCriticalError: |[0][GFX1-]: Failed to connect WebRenderBridgeChild. (t=7.11649) |[1][GFX1-]: Fallback WR to SW-WR + D3D11 (t=7.11649) [GFX1-]: Fallback WR to SW-WR + D3D11
Crash Annotation GraphicsCriticalError: |[G0][GFX1-]: RcANGLE(no compositor window) (t=4.89325) |[G1][GFX1-]: [D3D11] create swap chain failed: 0x887a0022, 0 (t=5.83325) [GFX1-]: [D3D11] create swap chain failed: 0x887a0022, 0
Crash Annotation GraphicsCriticalError: |[G0][GFX1-]: RcANGLE(no compositor window) (t=4.89325) |[G1][GFX1-]: [D3D11] create swap chain failed: 0x887a0022, 0 (t=5.83325) |[G2][GFX1-]: Failed to initialize CompositorD3D11 for SWGL: FEATURE_FAILURE_D3D11_SWAP_CHAIN (t=5.83325) [GFX1-]: Failed to initialize CompositorD3D11 for SWGL: FEATURE_FAILURE_D3D11_SWAP_CHAIN
Crash Annotation GraphicsCriticalError: |[G0][GFX1-]: RcANGLE(no compositor window) (t=4.89325) |[G1][GFX1-]: [D3D11] create swap chain failed: 0x887a0022, 0 (t=5.83325) |[G2][GFX1-]: Failed to initialize CompositorD3D11 for SWGL: FEATURE_FAILURE_D3D11_SWAP_CHAIN (t=5.83325) |[G3][GFX1-]: [D3D11] create swap chain failed: 0x887a0022, 0 (t=13.6433) [GFX1-]: [D3D11] create swap chain failed: 0x887a0022, 0
Crash Annotation GraphicsCriticalError: |[G0][GFX1-]: RcANGLE(no compositor window) (t=4.89325) |[G1][GFX1-]: [D3D11] create swap chain failed: 0x887a0022, 0 (t=5.83325) |[G2][GFX1-]: Failed to initialize CompositorD3D11 for SWGL: FEATURE_FAILURE_D3D11_SWAP_CHAIN (t=5.83325) |[G3][GFX1-]: [D3D11] create swap chain failed: 0x887a0022, 0 (t=13.6433) |[G4][GFX1-]: Failed to initialize CompositorD3D11 for SWGL: FEATURE_FAILURE_D3D11_SWAP_CHAIN (t=13.6433) [GFX1-]: Failed to initialize CompositorD3D11 for SWGL: FEATURE_FAILURE_D3D11_SWAP_CHAIN

Build info: version: '2.45.0', revision: '5017cb8e7ca8e37638dc3091b2440b90a1d8686f', time: '2015-02-27 09:10:26'
System info: host: 'LAPTOP-HVNH2UIN', ip: '192.168.43.105', os.name: 'Windows 10', os.arch: 'amd64', os.version: '10.0', java.version: '1.8.0_291'
Driver info: driver.version: FirefoxDriver
	at org.openqa.selenium.firefox.internal.NewProfileExtensionConnection.start(NewProfileExtensionConnection.java:130)
	at org.openqa.selenium.firefox.FirefoxDriver.startClient(FirefoxDriver.java:246)
	at org.openqa.selenium.remote.RemoteWebDriver.<init>(RemoteWebDriver.java:114)
	at org.openqa.selenium.firefox.FirefoxDriver.<init>(FirefoxDriver.java:191)
	at org.openqa.selenium.firefox.FirefoxDriver.<init>(FirefoxDriver.java:186)
	at org.openqa.selenium.firefox.FirefoxDriver.<init>(FirefoxDriver.java:182)
	at org.openqa.selenium.firefox.FirefoxDriver.<init>(FirefoxDriver.java:95)
	at example.NewTest.beforeTest(NewTest.java:18)
Caused by: org.openqa.selenium.firefox.NotConnectedException: Unable to connect to host 127.0.0.1 on port 7055 after 45000 ms. Firefox console output:
2157) |[1][GFX1-]: Fallback WR to SW-WR + D3D11 (t=17.3656) [GFX1-]: Fallback WR to SW-WR + D3D11
Crash Annotation GraphicsCriticalError: |[G0][GFX1-]: RcANGLE(no compositor window) (t=7.47705) |[G1][GFX1-]: [D3D11] create swap chain failed: 0x887a0022, 0 (t=9.03705) [GFX1-]: [D3D11] create swap chain failed: 0x887a0022, 0
Crash Annotation GraphicsCriticalError: |[G0][GFX1-]: RcANGLE(no compositor window) (t=7.47705) |[G1][GFX1-]: [D3D11] create swap chain failed: 0x887a0022, 0 (t=9.03705) |[G2][GFX1-]: Failed to initialize CompositorD3D11 for SWGL: FEATURE_FAILURE_D3D11_SWAP_CHAIN (t=9.03705) [GFX1-]: Failed to initialize CompositorD3D11 for SWGL: FEATURE_FAILURE_D3D11_SWAP_CHAIN
Crash Annotation GraphicsCriticalError: |[G0][GFX1-]: RcANGLE(no compositor window) (t=7.47705) |[G1][GFX1-]: [D3D11] create swap chain failed: 0x887a0022, 0 (t=9.03705) |[G2][GFX1-]: Failed to initialize CompositorD3D11 for SWGL: FEATURE_FAILURE_D3D11_SWAP_CHAIN (t=9.03705) |[G3][GFX1-]: [D3D11] create swap chain failed: 0x887a0022, 0 (t=12.4771) [GFX1-]: [D3D11] create swap chain failed: 0x887a0022, 0
Crash Annotation GraphicsCriticalError: |[G0][GFX1-]: RcANGLE(no compositor window) (t=7.47705) |[G1][GFX1-]: [D3D11] create swap chain failed: 0x887a0022, 0 (t=9.03705) |[G2][GFX1-]: Failed to initialize CompositorD3D11 for SWGL: FEATURE_FAILURE_D3D11_SWAP_CHAIN (t=9.03705) |[G3][GFX1-]: [D3D11] create swap chain failed: 0x887a0022, 0 (t=12.4771) |[G4][GFX1-]: Failed to initialize CompositorD3D11 for SWGL: FEATURE_FAILURE_D3D11_SWAP_CHAIN (t=12.4771) [GFX1-]: Failed to initialize CompositorD3D11 for SWGL: FEATURE_FAILURE_D3D11_SWAP_CHAIN
JavaScript error: resource://gre/modules/XULStore.jsm, line 66: Error: Can't find profile directory.
JavaScript error: resource:///modules/Interactions.jsm, line 201: NS_ERROR_FAILURE: Component returned failure code: 0x80004005 (NS_ERROR_FAILURE) [nsIUserIdleService.removeIdleObserver]
[Parent 2772, IPC I/O Parent] WARNING: file /builds/worker/checkouts/gecko/ipc/chromium/src/base/process_util_win.cc:167
Crash Annotation GraphicsCriticalError: |[G0][GFX1-]: RcANGLE(no compositor window) (t=4.89325) [GFX1-]: RcANGLE(no compositor window)
Crash Annotation GraphicsCriticalError: |[0][GFX1-]: Failed to connect WebRenderBridgeChild. (t=7.11649) [GFX1-]: Failed to connect WebRenderBridgeChild.
Crash Annotation GraphicsCriticalError: |[0][GFX1-]: Failed to connect WebRenderBridgeChild. (t=7.11649) |[1][GFX1-]: Fallback WR to SW-WR + D3D11 (t=7.11649) [GFX1-]: Fallback WR to SW-WR + D3D11
Crash Annotation GraphicsCriticalError: |[G0][GFX1-]: RcANGLE(no compositor window) (t=4.89325) |[G1][GFX1-]: [D3D11] create swap chain failed: 0x887a0022, 0 (t=5.83325) [GFX1-]: [D3D11] create swap chain failed: 0x887a0022, 0
Crash Annotation GraphicsCriticalError: |[G0][GFX1-]: RcANGLE(no compositor window) (t=4.89325) |[G1][GFX1-]: [D3D11] create swap chain failed: 0x887a0022, 0 (t=5.83325) |[G2][GFX1-]: Failed to initialize CompositorD3D11 for SWGL: FEATURE_FAILURE_D3D11_SWAP_CHAIN (t=5.83325) [GFX1-]: Failed to initialize CompositorD3D11 for SWGL: FEATURE_FAILURE_D3D11_SWAP_CHAIN
Crash Annotation GraphicsCriticalError: |[G0][GFX1-]: RcANGLE(no compositor window) (t=4.89325) |[G1][GFX1-]: [D3D11] create swap chain failed: 0x887a0022, 0 (t=5.83325) |[G2][GFX1-]: Failed to initialize CompositorD3D11 for SWGL: FEATURE_FAILURE_D3D11_SWAP_CHAIN (t=5.83325) |[G3][GFX1-]: [D3D11] create swap chain failed: 0x887a0022, 0 (t=13.6433) [GFX1-]: [D3D11] create swap chain failed: 0x887a0022, 0
Crash Annotation GraphicsCriticalError: |[G0][GFX1-]: RcANGLE(no compositor window) (t=4.89325) |[G1][GFX1-]: [D3D11] create swap chain failed: 0x887a0022, 0 (t=5.83325) |[G2][GFX1-]: Failed to initialize CompositorD3D11 for SWGL: FEATURE_FAILURE_D3D11_SWAP_CHAIN (t=5.83325) |[G3][GFX1-]: [D3D11] create swap chain failed: 0x887a0022, 0 (t=13.6433) |[G4][GFX1-]: Failed to initialize CompositorD3D11 for SWGL: FEATURE_FAILURE_D3D11_SWAP_CHAIN (t=13.6433) [GFX1-]: Failed to initialize CompositorD3D11 for SWGL: FEATURE_FAILURE_D3D11_SWAP_CHAIN

	at org.openqa.selenium.firefox.internal.NewProfileExtensionConnection.start(NewProfileExtensionConnection.java:118)
	... 38 more
... Removed 31 stack frames]]>
    </failure>
  </testcase> <!-- @BeforeTest beforeTest -->
  <testcase name="@AfterTest afterTest" time="0.0" classname="example.NewTest">
    <skipped/>
  </testcase> <!-- @AfterTest afterTest -->
  <testcase name="testEasy" time="0.002" classname="example.NewTest">
    <skipped/>
  </testcase> <!-- testEasy -->
</testsuite> <!-- Test -->
